<?xml version="1.0" encoding="UTF-8"?>
<!-- Generated by org.testng.reporters.JUnitReportReporter -->
<testsuite hostname="DESKTOP-537DKG9" failures="0" tests="1" name="Testng.Facebook" time="7.596" errors="0" timestamp="2024-02-20T11:04:45 IST" skipped="0">
  <testcase classname="Testng.Facebook" name="login" time="7.596"/>
  <system-out/>
</testsuite> <!-- Testng.Facebook -->
