<?xml version="1.0" encoding="UTF-8"?>
<!-- Generated by org.testng.reporters.JUnitReportReporter -->
<testsuite hostname="DESKTOP-537DKG9" failures="0" tests="1" name="Testng.Trivagodatepick" time="2.932" errors="0" timestamp="2024-03-14T11:07:22 IST" skipped="0">
  <testcase classname="Testng.Trivagodatepick" name="dateselect" time="2.932"/>
  <system-out/>
</testsuite> <!-- Testng.Trivagodatepick -->
