<?xml version="1.0" encoding="UTF-8"?>
<!-- Generated by org.testng.reporters.JUnitReportReporter -->
<testsuite hostname="DESKTOP-537DKG9" failures="0" tests="2" name="Testng.Automationexersise" time="9.518" errors="0" timestamp="2024-02-29T10:14:20 IST" skipped="0">
  <testcase classname="Testng.Automationexersise" name="zinformation" time="4.374"/>
  <system-out/>
  <testcase classname="Testng.Automationexersise" name="signup" time="5.144"/>
  <system-out/>
</testsuite> <!-- Testng.Automationexersise -->
