<?xml version="1.0" encoding="UTF-8"?>
<!-- Generated by org.testng.reporters.JUnitReportReporter -->
<testsuite hostname="DESKTOP-537DKG9" failures="0" tests="1" name="Testng.Ebay" time="2.984" errors="0" timestamp="2024-02-29T08:47:43 IST" skipped="0">
  <testcase classname="Testng.Ebay" name="movetoelement" time="2.984"/>
  <system-out/>
</testsuite> <!-- Testng.Ebay -->
