<?xml version="1.0" encoding="UTF-8"?>
<!-- Generated by org.testng.reporters.JUnitReportReporter -->
<testsuite hostname="DESKTOP-537DKG9" failures="0" tests="1" name="Testng.Datepicker" time="12.165" errors="0" timestamp="2024-03-01T10:13:36 IST" skipped="0">
  <testcase classname="Testng.Datepicker" name="datepicking" time="12.165"/>
  <system-out/>
</testsuite> <!-- Testng.Datepicker -->
