<?xml version="1.0" encoding="UTF-8"?>
<!-- Generated by org.testng.reporters.JUnitReportReporter -->
<testsuite hostname="DESKTOP-537DKG9" failures="0" tests="1" name="Test.Fblogintest" time="10.876" errors="0" timestamp="2024-03-06T10:04:38 IST" skipped="0">
  <testcase classname="Test.Fblogintest" name="testing" time="10.876"/>
  <system-out/>
</testsuite> <!-- Test.Fblogintest -->
