<?xml version="1.0" encoding="UTF-8"?>
<!-- Generated by org.testng.reporters.JUnitReportReporter -->
<testsuite hostname="DESKTOP-537DKG9" failures="0" tests="5" name="Testng.Rediff" time="7.583" errors="0" timestamp="2024-02-17T18:29:48 IST" skipped="0">
  <testcase classname="Testng.Rediff" name="titleverification" time="0.603"/>
  <system-out/>
  <testcase classname="Testng.Rediff" name="contentverification" time="0.758"/>
  <system-out/>
  <testcase classname="Testng.Rediff" name="heading" time="0.656"/>
  <system-out/>
  <testcase classname="Testng.Rediff" name="buttonverification" time="0.622"/>
  <system-out/>
  <testcase classname="Testng.Rediff" name="buttonenable" time="4.944"/>
  <system-out/>
</testsuite> <!-- Testng.Rediff -->
