<?xml version="1.0" encoding="UTF-8"?>
<!-- Generated by org.testng.reporters.JUnitReportReporter -->
<testsuite hostname="DESKTOP-537DKG9" failures="0" tests="1" name="Testng.Fileuploadpgm" time="3.297" errors="0" timestamp="2024-02-23T09:48:29 IST" skipped="0">
  <testcase classname="Testng.Fileuploadpgm" name="fileuploadloading" time="3.297"/>
  <system-out/>
</testsuite> <!-- Testng.Fileuploadpgm -->
