<?xml version="1.0" encoding="UTF-8"?>
<!-- Generated by org.testng.reporters.JUnitReportReporter -->
<testsuite hostname="DESKTOP-537DKG9" failures="0" tests="1" name="Testng.loginverification" time="3.192" errors="0" timestamp="2024-02-26T10:56:05 IST" skipped="0">
  <testcase classname="Testng.loginverification" name="testing" time="3.192"/>
  <system-out/>
</testsuite> <!-- Testng.loginverification -->
