<?xml version="1.0" encoding="UTF-8"?>
<!-- Generated by org.testng.reporters.JUnitReportReporter -->
<testsuite hostname="DESKTOP-537DKG9" failures="0" tests="1" name="Test.Fbsignuptest" time="6.536" errors="0" timestamp="2024-03-06T22:14:52 IST" skipped="0">
  <testcase classname="Test.Fbsignuptest" name="sigup" time="6.536"/>
  <system-out/>
</testsuite> <!-- Test.Fbsignuptest -->
