<?xml version="1.0" encoding="UTF-8"?>
<!-- Generated by org.testng.reporters.JUnitReportReporter -->
<testsuite hostname="DESKTOP-537DKG9" failures="0" tests="1" name="Testng.Copypaste" time="0.662" errors="0" timestamp="2024-02-21T09:44:26 IST" skipped="0">
  <testcase classname="Testng.Copypaste" name="copy" time="0.662"/>
  <system-out/>
</testsuite> <!-- Testng.Copypaste -->
