<?xml version="1.0" encoding="UTF-8"?>
<!-- Generated by org.testng.reporters.JUnitReportReporter -->
<testsuite hostname="DESKTOP-537DKG9" failures="0" tests="1" name="Testng.Draganddrop" time="1.458" errors="0" timestamp="2024-02-21T10:14:03 IST" skipped="0">
  <testcase classname="Testng.Draganddrop" name="drag" time="1.458"/>
  <system-out/>
</testsuite> <!-- Testng.Draganddrop -->
