<?xml version="1.0" encoding="UTF-8"?>
<!-- Generated by org.testng.reporters.JUnitReportReporter -->
<testsuite hostname="DESKTOP-537DKG9" failures="0" tests="1" name="Testng.MultipleTab" time="9.963" errors="0" timestamp="2024-02-27T09:56:13 IST" skipped="0">
  <testcase classname="Testng.MultipleTab" name="windows" time="9.963"/>
  <system-out/>
</testsuite> <!-- Testng.MultipleTab -->
