<?xml version="1.0" encoding="UTF-8"?>
<!-- Generated by org.testng.reporters.JUnitReportReporter -->
<testsuite hostname="DESKTOP-537DKG9" failures="0" tests="1" name="Testng.Datadrivenpgm" time="5.730" errors="0" timestamp="2024-02-26T10:18:29 IST" skipped="0">
  <testcase classname="Testng.Datadrivenpgm" name="datadriven" time="5.730"/>
  <system-out/>
</testsuite> <!-- Testng.Datadrivenpgm -->
